#
# There is insufficient memory for the Java Runtime Environment to continue.
# Native memory allocation (malloc) failed to allocate 1926080 bytes for Chunk::new
# Possible reasons:
#   The system is out of physical RAM or swap space
#   The process is running with CompressedOops enabled, and the Java Heap may be blocking the growth of the native heap
# Possible solutions:
#   Reduce memory load on the system
#   Increase physical memory or swap space
#   Check if swap backing store is full
#   Decrease Java heap size (-Xmx/-Xms)
#   Decrease number of Java threads
#   Decrease Java thread stack sizes (-Xss)
#   Set larger code cache with -XX:ReservedCodeCacheSize=
#   JVM is running with Unscaled Compressed Oops mode in which the Java heap is
#     placed in the first 4GB address space. The Java Heap base address is the
#     maximum limit for the native heap growth. Please use -XX:HeapBaseMinAddress
#     to set the Java Heap base and to place the Java Heap above 4GB virtual address.
# This output file may be truncated or incomplete.
#
#  Out of Memory Error (allocation.cpp:390), pid=12032, tid=0x00000000000029a4
#
# JRE version: Java(TM) SE Runtime Environment (8.0_201-b09) (build 1.8.0_201-b09)
# Java VM: Java HotSpot(TM) 64-Bit Server VM (25.201-b09 mixed mode windows-amd64 compressed oops)
# Failed to write core dump. Minidumps are not enabled by default on client versions of Windows
#

---------------  T H R E A D  ---------------

Current thread (0x0000000017434000):  JavaThread "C2 CompilerThread2" daemon [_thread_in_native, id=10660, stack(0x0000000017df0000,0x0000000017ef0000)]

Stack: [0x0000000017df0000,0x0000000017ef0000]
[error occurred during error reporting (printing stack bounds), id 0xc0000005]

Native frames: (J=compiled Java code, j=interpreted, Vv=VM code, C=native code)


Current CompileTask:
C2:   3317 1450       4       java.net.URLClassLoader$1::run (5 bytes)


---------------  P R O C E S S  ---------------

Java Threads: ( => current thread )
  0x000000001a12c000 JavaThread "shuffle-server-5-1" daemon [_thread_in_native, id=13540, stack(0x000000001f3a0000,0x000000001f4a0000)]
  0x000000001a12b000 JavaThread "driver-heartbeater" daemon [_thread_blocked, id=12824, stack(0x000000001eec0000,0x000000001efc0000)]
  0x000000001a12c800 JavaThread "dag-scheduler-event-loop" daemon [_thread_blocked, id=11728, stack(0x000000001edc0000,0x000000001eec0000)]
  0x000000001a12a800 JavaThread "netty-rpc-env-timeout" daemon [_thread_blocked, id=708, stack(0x000000001ecc0000,0x000000001edc0000)]
  0x000000001a131000 JavaThread "Timer-0" daemon [_thread_blocked, id=5744, stack(0x000000001ebc0000,0x000000001ecc0000)]
  0x000000001a12e000 JavaThread "heartbeat-receiver-event-loop-thread" daemon [_thread_blocked, id=12716, stack(0x000000001eac0000,0x000000001ebc0000)]
  0x000000001a130800 JavaThread "SparkUI-43-acceptor-0@4dffe71b-ServerConnector@433810d4{HTTP/1.1,[http/1.1]}{0.0.0.0:4040}" daemon [_thread_in_native, id=14084, stack(0x000000001d7f0000,0x000000001d8f0000)]
  0x000000001a12f800 JavaThread "SparkUI-42" daemon [_thread_blocked, id=15328, stack(0x000000001d6f0000,0x000000001d7f0000)]
  0x000000001a12f000 JavaThread "SparkUI-41" daemon [_thread_blocked, id=12592, stack(0x000000001d5f0000,0x000000001d6f0000)]
  0x000000001a123000 JavaThread "SparkUI-40" daemon [_thread_blocked, id=8124, stack(0x000000001d4f0000,0x000000001d5f0000)]
  0x000000001a124800 JavaThread "SparkUI-39" daemon [_thread_in_native, id=14568, stack(0x000000001d3f0000,0x000000001d4f0000)]
  0x000000001a123800 JavaThread "SparkUI-38" daemon [_thread_in_native, id=2156, stack(0x000000001d2f0000,0x000000001d3f0000)]
  0x000000001a129800 JavaThread "SparkUI-37" daemon [_thread_in_native, id=14236, stack(0x000000001d1f0000,0x000000001d2f0000)]
  0x000000001a129000 JavaThread "SparkUI-36" daemon [_thread_in_native, id=8644, stack(0x000000001d0f0000,0x000000001d1f0000)]
  0x000000001a125000 JavaThread "refresh progress" daemon [_thread_blocked, id=5044, stack(0x000000001cff0000,0x000000001d0f0000)]
  0x000000001a128000 JavaThread "RemoteBlock-temp-file-clean-thread" daemon [_thread_blocked, id=5160, stack(0x000000001ccf0000,0x000000001cdf0000)]
  0x000000001a126800 JavaThread "map-output-dispatcher-7" daemon [_thread_blocked, id=9116, stack(0x000000001cbf0000,0x000000001ccf0000)]
  0x000000001a122000 JavaThread "map-output-dispatcher-6" daemon [_thread_blocked, id=11212, stack(0x000000001caf0000,0x000000001cbf0000)]
  0x000000001a126000 JavaThread "map-output-dispatcher-5" daemon [_thread_blocked, id=6876, stack(0x000000001c9f0000,0x000000001caf0000)]
  0x000000001a127800 JavaThread "map-output-dispatcher-4" daemon [_thread_blocked, id=7196, stack(0x000000001c8f0000,0x000000001c9f0000)]
  0x00000000192a2800 JavaThread "map-output-dispatcher-3" daemon [_thread_blocked, id=14800, stack(0x000000001c7f0000,0x000000001c8f0000)]
  0x00000000192a5800 JavaThread "map-output-dispatcher-2" daemon [_thread_blocked, id=11108, stack(0x000000001c6f0000,0x000000001c7f0000)]
  0x00000000192a4800 JavaThread "map-output-dispatcher-1" daemon [_thread_blocked, id=9088, stack(0x000000001c5f0000,0x000000001c6f0000)]
  0x00000000192a3000 JavaThread "map-output-dispatcher-0" daemon [_thread_blocked, id=2408, stack(0x000000001c4f0000,0x000000001c5f0000)]
  0x00000000192a4000 JavaThread "rpc-server-3-1" daemon [_thread_in_native, id=5928, stack(0x000000001bfc0000,0x000000001c0c0000)]
  0x0000000019c95800 JavaThread "dispatcher-event-loop-7" daemon [_thread_blocked, id=9416, stack(0x000000001bec0000,0x000000001bfc0000)]
  0x0000000019c95000 JavaThread "dispatcher-event-loop-6" daemon [_thread_blocked, id=9656, stack(0x000000001bdc0000,0x000000001bec0000)]
  0x00000000187f9800 JavaThread "dispatcher-event-loop-5" daemon [_thread_blocked, id=11148, stack(0x000000001bcc0000,0x000000001bdc0000)]
  0x00000000187f8800 JavaThread "dispatcher-event-loop-4" daemon [_thread_blocked, id=12344, stack(0x000000001bac0000,0x000000001bbc0000)]
  0x00000000187f6000 JavaThread "dispatcher-event-loop-3" daemon [_thread_blocked, id=3660, stack(0x000000001b9c0000,0x000000001bac0000)]
  0x000000001a08e800 JavaThread "dispatcher-event-loop-2" daemon [_thread_blocked, id=2056, stack(0x000000001b8c0000,0x000000001b9c0000)]
  0x000000001a08e000 JavaThread "dispatcher-event-loop-1" daemon [_thread_blocked, id=7264, stack(0x000000001b7c0000,0x000000001b8c0000)]
  0x00000000187fb000 JavaThread "dispatcher-event-loop-0" daemon [_thread_blocked, id=3968, stack(0x000000001b6c0000,0x000000001b7c0000)]
  0x000000001847b000 JavaThread "Thread-3" [_thread_in_vm, id=7492, stack(0x000000001b4b0000,0x000000001b5b0000)]
  0x0000000017749800 JavaThread "Thread-2" [_thread_in_native, id=12504, stack(0x000000001b3b0000,0x000000001b4b0000)]
  0x0000000019453800 JavaThread "pool-1-thread-1" [_thread_blocked, id=12752, stack(0x000000001b0b0000,0x000000001b1b0000)]
  0x000000001744b800 JavaThread "Service Thread" daemon [_thread_blocked, id=14792, stack(0x0000000017ff0000,0x00000000180f0000)]
  0x000000001743f800 JavaThread "C1 CompilerThread3" daemon [_thread_blocked, id=5920, stack(0x0000000017ef0000,0x0000000017ff0000)]
=>0x0000000017434000 JavaThread "C2 CompilerThread2" daemon [_thread_in_native, id=10660, stack(0x0000000017df0000,0x0000000017ef0000)]
  0x00000000173db800 JavaThread "C2 CompilerThread1" daemon [_thread_in_native, id=11348, stack(0x0000000017cf0000,0x0000000017df0000)]
  0x00000000173d9800 JavaThread "C2 CompilerThread0" daemon [_thread_blocked, id=14260, stack(0x0000000017bf0000,0x0000000017cf0000)]
  0x00000000173d8000 JavaThread "Attach Listener" daemon [_thread_blocked, id=2508, stack(0x0000000017af0000,0x0000000017bf0000)]
  0x00000000173d7000 JavaThread "Signal Dispatcher" daemon [_thread_blocked, id=8180, stack(0x00000000179f0000,0x0000000017af0000)]
  0x00000000155c7800 JavaThread "Finalizer" daemon [_thread_blocked, id=12712, stack(0x0000000017890000,0x0000000017990000)]
  0x00000000173b0800 JavaThread "Reference Handler" daemon [_thread_blocked, id=5652, stack(0x0000000017790000,0x0000000017890000)]
  0x00000000029ad000 JavaThread "main" [_thread_in_native, id=6936, stack(0x00000000028a0000,0x00000000029a0000)]

Other Threads:
  0x00000000155b9800 VMThread [stack: 0x0000000017290000,0x0000000017390000] [id=2720]
  0x0000000017450000 WatcherThread [stack: 0x00000000180f0000,0x00000000181f0000] [id=12796]

VM state:not at safepoint (normal execution)

VM Mutex/Monitor currently owned by a thread: None

heap address: 0x00000000c0000000, size: 1024 MB, Compressed Oops mode: 32-bit
Narrow klass base: 0x0000000000000000, Narrow klass shift: 3
Compressed class space size: 1073741824 Address: 0x0000000100000000

Heap:
 PSYoungGen      total 76288K, used 57268K [0x00000000eab00000, 0x00000000f2300000, 0x0000000100000000)
  eden space 65536K, 78% used [0x00000000eab00000,0x00000000edcfece0,0x00000000eeb00000)
  from space 10752K, 56% used [0x00000000eeb00000,0x00000000ef0ee528,0x00000000ef580000)
  to   space 8704K, 0% used [0x00000000f1a80000,0x00000000f1a80000,0x00000000f2300000)
 ParOldGen       total 92672K, used 4214K [0x00000000c0000000, 0x00000000c5a80000, 0x00000000eab00000)
  object space 92672K, 4% used [0x00000000c0000000,0x00000000c041daa0,0x00000000c5a80000)
 Metaspace       used 29114K, capacity 29346K, committed 29824K, reserved 1075200K
  class space    used 4128K, capacity 4207K, committed 4224K, reserved 1048576K

Card table byte_map: [0x0000000011e60000,0x0000000012070000] byte_map_base: 0x0000000011860000

Marking Bits: (ParMarkBitMap*) 0x0000000073194ce0
 Begin Bits: [0x00000000129d0000, 0x00000000139d0000)
 End Bits:   [0x00000000139d0000, 0x00000000149d0000)

Polling page: 0x00000000007a0000

CodeCache: size=245760Kb used=5695Kb max_used=5695Kb free=240064Kb
 bounds [0x0000000002aa0000, 0x0000000003040000, 0x0000000011aa0000]
 total_blobs=2161 nmethods=1710 adapters=363
 compilation: enabled

Compilation events (10 events):
Event: 3.235 Thread 0x000000001743f800 1709       3       java.lang.Class::searchMethods (90 bytes)
Event: 3.236 Thread 0x000000001743f800 nmethod 1709 0x000000000302f9d0 code [0x000000000302fc20, 0x0000000003030b78]
Event: 3.236 Thread 0x000000001743f800 1710       3       java.lang.Class::arrayContentsEq (70 bytes)
Event: 3.237 Thread 0x000000001743f800 nmethod 1710 0x00000000030275d0 code [0x0000000003027760, 0x0000000003027b90]
Event: 3.237 Thread 0x000000001743f800 1708       3       java.io.DataOutputStream::writeUTF (7 bytes)
Event: 3.237 Thread 0x000000001743f800 nmethod 1708 0x0000000003031250 code [0x00000000030313c0, 0x0000000003031548]
Event: 3.248 Thread 0x000000001743f800 1711       3       java.util.Calendar::internalSet (8 bytes)
Event: 3.248 Thread 0x000000001743f800 nmethod 1711 0x00000000030315d0 code [0x0000000003031720, 0x0000000003031890]
Event: 3.289 Thread 0x000000001743f800 1712       3       java.lang.Package::<init> (56 bytes)
Event: 3.289 Thread 0x000000001743f800 nmethod 1712 0x0000000003032250 code [0x00000000030323a0, 0x0000000003032610]

GC Heap History (10 events):
Event: 1.568 GC heap before
{Heap before GC invocations=2 (full 0):
 PSYoungGen      total 76288K, used 72100K [0x00000000eab00000, 0x00000000f0000000, 0x0000000100000000)
  eden space 65536K, 100% used [0x00000000eab00000,0x00000000eeb00000,0x00000000eeb00000)
  from space 10752K, 61% used [0x00000000eeb00000,0x00000000ef1693e0,0x00000000ef580000)
  to   space 10752K, 0% used [0x00000000ef580000,0x00000000ef580000,0x00000000f0000000)
 ParOldGen       total 175104K, used 8K [0x00000000c0000000, 0x00000000cab00000, 0x00000000eab00000)
  object space 175104K, 0% used [0x00000000c0000000,0x00000000c0002000,0x00000000cab00000)
 Metaspace       used 14840K, capacity 15004K, committed 15104K, reserved 1062912K
  class space    used 2173K, capacity 2228K, committed 2304K, reserved 1048576K
Event: 1.574 GC heap after
Heap after GC invocations=2 (full 0):
 PSYoungGen      total 76288K, used 7440K [0x00000000eab00000, 0x00000000f0000000, 0x0000000100000000)
  eden space 65536K, 0% used [0x00000000eab00000,0x00000000eab00000,0x00000000eeb00000)
  from space 10752K, 69% used [0x00000000ef580000,0x00000000efcc42f0,0x00000000f0000000)
  to   space 10752K, 0% used [0x00000000eeb00000,0x00000000eeb00000,0x00000000ef580000)
 ParOldGen       total 175104K, used 24K [0x00000000c0000000, 0x00000000cab00000, 0x00000000eab00000)
  object space 175104K, 0% used [0x00000000c0000000,0x00000000c0006018,0x00000000cab00000)
 Metaspace       used 14840K, capacity 15004K, committed 15104K, reserved 1062912K
  class space    used 2173K, capacity 2228K, committed 2304K, reserved 1048576K
}
Event: 2.046 GC heap before
{Heap before GC invocations=3 (full 0):
 PSYoungGen      total 76288K, used 72976K [0x00000000eab00000, 0x00000000f0000000, 0x0000000100000000)
  eden space 65536K, 100% used [0x00000000eab00000,0x00000000eeb00000,0x00000000eeb00000)
  from space 10752K, 69% used [0x00000000ef580000,0x00000000efcc42f0,0x00000000f0000000)
  to   space 10752K, 0% used [0x00000000eeb00000,0x00000000eeb00000,0x00000000ef580000)
 ParOldGen       total 175104K, used 24K [0x00000000c0000000, 0x00000000cab00000, 0x00000000eab00000)
  object space 175104K, 0% used [0x00000000c0000000,0x00000000c0006018,0x00000000cab00000)
 Metaspace       used 19847K, capacity 20008K, committed 20096K, reserved 1067008K
  class space    used 2883K, capacity 2934K, committed 2944K, reserved 1048576K
Event: 2.050 GC heap after
Heap after GC invocations=3 (full 0):
 PSYoungGen      total 76288K, used 7730K [0x00000000eab00000, 0x00000000f0000000, 0x0000000100000000)
  eden space 65536K, 0% used [0x00000000eab00000,0x00000000eab00000,0x00000000eeb00000)
  from space 10752K, 71% used [0x00000000eeb00000,0x00000000ef28c920,0x00000000ef580000)
  to   space 10752K, 0% used [0x00000000ef580000,0x00000000ef580000,0x00000000f0000000)
 ParOldGen       total 175104K, used 96K [0x00000000c0000000, 0x00000000cab00000, 0x00000000eab00000)
  object space 175104K, 0% used [0x00000000c0000000,0x00000000c0018028,0x00000000cab00000)
 Metaspace       used 19847K, capacity 20008K, committed 20096K, reserved 1067008K
  class space    used 2883K, capacity 2934K, committed 2944K, reserved 1048576K
}
Event: 2.109 GC heap before
{Heap before GC invocations=4 (full 0):
 PSYoungGen      total 76288K, used 10337K [0x00000000eab00000, 0x00000000f0000000, 0x0000000100000000)
  eden space 65536K, 3% used [0x00000000eab00000,0x00000000ead8bb90,0x00000000eeb00000)
  from space 10752K, 71% used [0x00000000eeb00000,0x00000000ef28c920,0x00000000ef580000)
  to   space 10752K, 0% used [0x00000000ef580000,0x00000000ef580000,0x00000000f0000000)
 ParOldGen       total 175104K, used 96K [0x00000000c0000000, 0x00000000cab00000, 0x00000000eab00000)
  object space 175104K, 0% used [0x00000000c0000000,0x00000000c0018028,0x00000000cab00000)
 Metaspace       used 20928K, capacity 21108K, committed 21248K, reserved 1067008K
  class space    used 3026K, capacity 3068K, committed 3072K, reserved 1048576K
Event: 2.112 GC heap after
Heap after GC invocations=4 (full 0):
 PSYoungGen      total 76288K, used 4240K [0x00000000eab00000, 0x00000000f0000000, 0x0000000100000000)
  eden space 65536K, 0% used [0x00000000eab00000,0x00000000eab00000,0x00000000eeb00000)
  from space 10752K, 39% used [0x00000000ef580000,0x00000000ef9a41a0,0x00000000f0000000)
  to   space 10752K, 0% used [0x00000000eeb00000,0x00000000eeb00000,0x00000000ef580000)
 ParOldGen       total 175104K, used 104K [0x00000000c0000000, 0x00000000cab00000, 0x00000000eab00000)
  object space 175104K, 0% used [0x00000000c0000000,0x00000000c001a028,0x00000000cab00000)
 Metaspace       used 20928K, capacity 21108K, committed 21248K, reserved 1067008K
  class space    used 3026K, capacity 3068K, committed 3072K, reserved 1048576K
}
Event: 2.112 GC heap before
{Heap before GC invocations=5 (full 1):
 PSYoungGen      total 76288K, used 4240K [0x00000000eab00000, 0x00000000f0000000, 0x0000000100000000)
  eden space 65536K, 0% used [0x00000000eab00000,0x00000000eab00000,0x00000000eeb00000)
  from space 10752K, 39% used [0x00000000ef580000,0x00000000ef9a41a0,0x00000000f0000000)
  to   space 10752K, 0% used [0x00000000eeb00000,0x00000000eeb00000,0x00000000ef580000)
 ParOldGen       total 175104K, used 104K [0x00000000c0000000, 0x00000000cab00000, 0x00000000eab00000)
  object space 175104K, 0% used [0x00000000c0000000,0x00000000c001a028,0x00000000cab00000)
 Metaspace       used 20928K, capacity 21108K, committed 21248K, reserved 1067008K
  class space    used 3026K, capacity 3068K, committed 3072K, reserved 1048576K
Event: 2.133 GC heap after
Heap after GC invocations=5 (full 1):
 PSYoungGen      total 76288K, used 0K [0x00000000eab00000, 0x00000000f0000000, 0x0000000100000000)
  eden space 65536K, 0% used [0x00000000eab00000,0x00000000eab00000,0x00000000eeb00000)
  from space 10752K, 0% used [0x00000000ef580000,0x00000000ef580000,0x00000000f0000000)
  to   space 10752K, 0% used [0x00000000eeb00000,0x00000000eeb00000,0x00000000ef580000)
 ParOldGen       total 92672K, used 4206K [0x00000000c0000000, 0x00000000c5a80000, 0x00000000eab00000)
  object space 92672K, 4% used [0x00000000c0000000,0x00000000c041baa0,0x00000000c5a80000)
 Metaspace       used 20928K, capacity 21108K, committed 21248K, reserved 1067008K
  class space    used 3026K, capacity 3068K, committed 3072K, reserved 1048576K
}
Event: 2.997 GC heap before
{Heap before GC invocations=6 (full 1):
 PSYoungGen      total 76288K, used 65536K [0x00000000eab00000, 0x00000000f0000000, 0x0000000100000000)
  eden space 65536K, 100% used [0x00000000eab00000,0x00000000eeb00000,0x00000000eeb00000)
  from space 10752K, 0% used [0x00000000ef580000,0x00000000ef580000,0x00000000f0000000)
  to   space 10752K, 0% used [0x00000000eeb00000,0x00000000eeb00000,0x00000000ef580000)
 ParOldGen       total 92672K, used 4206K [0x00000000c0000000, 0x00000000c5a80000, 0x00000000eab00000)
  object space 92672K, 4% used [0x00000000c0000000,0x00000000c041baa0,0x00000000c5a80000)
 Metaspace       used 26034K, capacity 26256K, committed 26624K, reserved 1073152K
  class space    used 3733K, capacity 3820K, committed 3840K, reserved 1048576K
Event: 3.000 GC heap after
Heap after GC invocations=6 (full 1):
 PSYoungGen      total 76288K, used 6073K [0x00000000eab00000, 0x00000000f2300000, 0x0000000100000000)
  eden space 65536K, 0% used [0x00000000eab00000,0x00000000eab00000,0x00000000eeb00000)
  from space 10752K, 56% used [0x00000000eeb00000,0x00000000ef0ee528,0x00000000ef580000)
  to   space 8704K, 0% used [0x00000000f1a80000,0x00000000f1a80000,0x00000000f2300000)
 ParOldGen       total 92672K, used 4214K [0x00000000c0000000, 0x00000000c5a80000, 0x00000000eab00000)
  object space 92672K, 4% used [0x00000000c0000000,0x00000000c041daa0,0x00000000c5a80000)
 Metaspace       used 26034K, capacity 26256K, committed 26624K, reserved 1073152K
  class space    used 3733K, capacity 3820K, committed 3840K, reserved 1048576K
}

Deoptimization events (10 events):
Event: 1.524 Thread 0x00000000029ad000 Uncommon trap: reason=unstable_if action=reinterpret pc=0x0000000002cae0a8 method=java.util.HashMap.getNode(ILjava/lang/Object;)Ljava/util/HashMap$Node; @ 62
Event: 1.554 Thread 0x00000000029ad000 Uncommon trap: reason=unstable_if action=reinterpret pc=0x0000000002da9db4 method=org.apache.xerces.impl.XMLEntityScanner.scanContent(Lorg/apache/xerces/xni/XMLString;)I @ 43
Event: 1.602 Thread 0x00000000029ad000 Uncommon trap: reason=unstable_if action=reinterpret pc=0x0000000002d61760 method=java.util.regex.Pattern$Slice.match(Ljava/util/regex/Matcher;ILjava/lang/CharSequence;)Z @ 54
Event: 1.654 Thread 0x00000000029ad000 Uncommon trap: reason=unstable_if action=reinterpret pc=0x0000000002e37fa8 method=org.apache.xerces.impl.XMLEntityScanner.scanContent(Lorg/apache/xerces/xni/XMLString;)I @ 461
Event: 1.679 Thread 0x00000000029ad000 Uncommon trap: reason=unstable_if action=reinterpret pc=0x0000000002d45cdc method=java.lang.AbstractStringBuilder.append(Ljava/lang/String;)Ljava/lang/AbstractStringBuilder; @ 1
Event: 1.786 Thread 0x000000001847b000 Uncommon trap: reason=unstable_if action=reinterpret pc=0x0000000002d76fb4 method=java.lang.String.regionMatches(ZILjava/lang/String;II)Z @ 123
Event: 1.974 Thread 0x000000001847b000 Uncommon trap: reason=unstable_if action=reinterpret pc=0x0000000002d85e94 method=sun.misc.URLClassPath$JarLoader.getResource(Ljava/lang/String;ZLjava/util/Set;)Lsun/misc/Resource; @ 17
Event: 2.889 Thread 0x000000001847b000 Uncommon trap: reason=unstable_if action=reinterpret pc=0x0000000002f5f164 method=java.util.jar.Manifest$FastInputStream.readLine([BII)I @ 87
Event: 2.991 Thread 0x000000001847b000 Uncommon trap: reason=unstable_if action=reinterpret pc=0x0000000002e6398c method=sun.net.www.protocol.jar.Handler.parseURL(Ljava/net/URL;Ljava/lang/String;II)V @ 94
Event: 3.167 Thread 0x000000001a08e800 Uncommon trap: reason=class_check action=maybe_recompile pc=0x0000000002edc614 method=java.util.concurrent.ConcurrentHashMap.putVal(Ljava/lang/Object;Ljava/lang/Object;Z)Ljava/lang/Object; @ 192

Classes redefined (0 events):
No events

Internal exceptions (10 events):
Event: 1.601 Thread 0x00000000029ad000 Exception <a 'java/io/FileNotFoundException'> (0x00000000eac85bf0) thrown at [C:\re\workspace\8-2-build-windows-amd64-cygwin\jdk8u201\12322\hotspot\src\share\vm\prims\jni.cpp, line 709]
Event: 1.601 Thread 0x00000000029ad000 Exception <a 'java/security/PrivilegedActionException'> (0x00000000eac86180) thrown at [C:\re\workspace\8-2-build-windows-amd64-cygwin\jdk8u201\12322\hotspot\src\share\vm\prims\jvm.cpp, line 1502]
Event: 1.601 Thread 0x00000000029ad000 Exception <a 'java/lang/reflect/InvocationTargetException'> (0x00000000eac88288) thrown at [C:\re\workspace\8-2-build-windows-amd64-cygwin\jdk8u201\12322\hotspot\src\share\vm\runtime\reflection.cpp, line 1092]
Event: 1.679 Thread 0x00000000029ad000 Implicit null exception at 0x0000000002d45919 to 0x0000000002d45cc5
Event: 1.972 Thread 0x000000001847b000 Exception <a 'java/lang/ArrayIndexOutOfBoundsException'> (0x00000000eddb7380) thrown at [C:\re\workspace\8-2-build-windows-amd64-cygwin\jdk8u201\12322\hotspot\src\share\vm\runtime\sharedRuntime.cpp, line 605]
Event: 1.972 Thread 0x000000001847b000 Exception <a 'java/lang/ArrayIndexOutOfBoundsException'> (0x00000000eddb87c8) thrown at [C:\re\workspace\8-2-build-windows-amd64-cygwin\jdk8u201\12322\hotspot\src\share\vm\runtime\sharedRuntime.cpp, line 605]
Event: 1.974 Thread 0x000000001847b000 Exception <a 'java/lang/ArrayIndexOutOfBoundsException'> (0x00000000ede15470) thrown at [C:\re\workspace\8-2-build-windows-amd64-cygwin\jdk8u201\12322\hotspot\src\share\vm\runtime\sharedRuntime.cpp, line 605]
Event: 1.974 Thread 0x000000001847b000 Exception <a 'java/lang/ArrayIndexOutOfBoundsException'> (0x00000000ede16488) thrown at [C:\re\workspace\8-2-build-windows-amd64-cygwin\jdk8u201\12322\hotspot\src\share\vm\runtime\sharedRuntime.cpp, line 605]
Event: 2.095 Thread 0x000000001847b000 Exception <a 'java/lang/NoSuchFieldError': method resolution failed> (0x00000000eacecb28) thrown at [C:\re\workspace\8-2-build-windows-amd64-cygwin\jdk8u201\12322\hotspot\src\share\vm\prims\methodHandles.cpp, line 1167]
Event: 2.096 Thread 0x000000001847b000 Exception <a 'java/lang/NoSuchFieldError': method resolution failed> (0x00000000eacfa1e8) thrown at [C:\re\workspace\8-2-build-windows-amd64-cygwin\jdk8u201\12322\hotspot\src\share\vm\prims\methodHandles.cpp, line 1167]

Events (10 events):
Event: 3.311 loading class com/fasterxml/jackson/databind/deser/CreatorProperty
Event: 3.311 loading class com/fasterxml/jackson/databind/deser/CreatorProperty done
Event: 3.312 loading class com/fasterxml/jackson/databind/deser/ValueInstantiator
Event: 3.312 loading class com/fasterxml/jackson/databind/deser/ValueInstantiator done
Event: 3.313 loading class com/fasterxml/jackson/databind/deser/std/JsonLocationInstantiator
Event: 3.313 loading class com/fasterxml/jackson/databind/deser/std/JsonLocationInstantiator done
Event: 3.314 loading class com/fasterxml/jackson/databind/deser/impl/NoClassDefFoundDeserializer
Event: 3.314 loading class com/fasterxml/jackson/databind/deser/impl/NoClassDefFoundDeserializer done
Event: 3.315 loading class com/fasterxml/jackson/databind/deser/std/ThrowableDeserializer
Event: 3.315 loading class com/fasterxml/jackson/databind/deser/std/ThrowableDeserializer done


Dynamic libraries:
0x00007ff6fec00000 - 0x00007ff6fec37000 	C:\Program Files\Java\jdk1.8.0_201\bin\java.exe
0x00007ff99c360000 - 0x00007ff99c532000 	C:\windows\SYSTEM32\ntdll.dll
0x00007ff99bd80000 - 0x00007ff99be2c000 	C:\windows\System32\KERNEL32.DLL
0x00007ff999560000 - 0x00007ff99977d000 	C:\windows\System32\KERNELBASE.dll
0x00007ff99be30000 - 0x00007ff99bed2000 	C:\windows\System32\ADVAPI32.dll
0x00007ff99bcb0000 - 0x00007ff99bd4e000 	C:\windows\System32\msvcrt.dll
0x00007ff99b960000 - 0x00007ff99b9b9000 	C:\windows\System32\sechost.dll
0x00007ff99ba20000 - 0x00007ff99bb41000 	C:\windows\System32\RPCRT4.dll
0x00007ff999b80000 - 0x00007ff999ce5000 	C:\windows\System32\USER32.dll
0x00007ff998e00000 - 0x00007ff998e1e000 	C:\windows\System32\win32u.dll
0x00007ff99bb50000 - 0x00007ff99bb84000 	C:\windows\System32\GDI32.dll
0x00007ff998910000 - 0x00007ff998a90000 	C:\windows\System32\gdi32full.dll
0x00007ff983160000 - 0x00007ff9833da000 	C:\windows\WinSxS\amd64_microsoft.windows.common-controls_6595b64144ccf1df_6.0.14393.2248_none_7ddece3683436ba6\COMCTL32.dll
0x00007ff99c090000 - 0x00007ff99c358000 	C:\windows\System32\combase.dll
0x00007ff9997f0000 - 0x00007ff9998e5000 	C:\windows\System32\ucrtbase.dll
0x00007ff999780000 - 0x00007ff9997ea000 	C:\windows\System32\bcryptPrimitives.dll
0x00007ff99bd50000 - 0x00007ff99bd7e000 	C:\windows\System32\IMM32.DLL
0x00000000703c0000 - 0x0000000070491000 	C:\Program Files\Java\jdk1.8.0_201\jre\bin\msvcr100.dll
0x0000000072970000 - 0x0000000073214000 	C:\Program Files\Java\jdk1.8.0_201\jre\bin\server\jvm.dll
0x00007ff99b930000 - 0x00007ff99b938000 	C:\windows\System32\PSAPI.DLL
0x00007ff98cba0000 - 0x00007ff98cbaa000 	C:\windows\SYSTEM32\VERSION.dll
0x00007ff98a620000 - 0x00007ff98a629000 	C:\windows\SYSTEM32\WSOCK32.dll
0x00007ff9969e0000 - 0x00007ff996a03000 	C:\windows\SYSTEM32\WINMM.dll
0x00007ff99bb90000 - 0x00007ff99bbfa000 	C:\windows\System32\WS2_32.dll
0x0000000002710000 - 0x000000000273b000 	C:\windows\SYSTEM32\WINMMBASE.dll
0x00007ff998db0000 - 0x00007ff998df2000 	C:\windows\System32\cfgmgr32.dll
0x00007ff9889e0000 - 0x00007ff9889ef000 	C:\Program Files\Java\jdk1.8.0_201\jre\bin\verify.dll
0x00007ff986180000 - 0x00007ff9861a9000 	C:\Program Files\Java\jdk1.8.0_201\jre\bin\java.dll
0x00007ff986160000 - 0x00007ff986176000 	C:\Program Files\Java\jdk1.8.0_201\jre\bin\zip.dll
0x00007ff999e90000 - 0x00007ff99b399000 	C:\windows\System32\SHELL32.dll
0x00007ff998e80000 - 0x00007ff999559000 	C:\windows\System32\windows.storage.dll
0x00007ff998800000 - 0x00007ff99884c000 	C:\windows\System32\powrprof.dll
0x00007ff99b8d0000 - 0x00007ff99b922000 	C:\windows\System32\shlwapi.dll
0x00007ff998850000 - 0x00007ff99885f000 	C:\windows\System32\kernel.appcore.dll
0x00007ff998c60000 - 0x00007ff998d09000 	C:\windows\System32\shcore.dll
0x00007ff9987d0000 - 0x00007ff9987e4000 	C:\windows\System32\profapi.dll
0x00007ff981850000 - 0x00007ff98186a000 	C:\Program Files\Java\jdk1.8.0_201\jre\bin\net.dll
0x00007ff989940000 - 0x00007ff989b02000 	C:\windows\SYSTEM32\urlmon.dll
0x00007ff9903b0000 - 0x00007ff990655000 	C:\windows\SYSTEM32\iertutil.dll
0x00007ff998100000 - 0x00007ff99815c000 	C:\windows\system32\mswsock.dll
0x00007ff9964a0000 - 0x00007ff9964b8000 	C:\windows\system32\NLAapi.dll
0x00007ff98a700000 - 0x00007ff98a716000 	C:\windows\system32\napinsp.dll
0x00007ff989b10000 - 0x00007ff989b2a000 	C:\windows\system32\pnrpnsp.dll
0x00007ff997ec0000 - 0x00007ff997f61000 	C:\windows\SYSTEM32\DNSAPI.dll
0x00007ff99bca0000 - 0x00007ff99bca8000 	C:\windows\System32\NSI.dll
0x00007ff997e80000 - 0x00007ff997eb8000 	C:\windows\SYSTEM32\IPHLPAPI.DLL
0x00007ff98b820000 - 0x00007ff98b82e000 	C:\windows\System32\winrnr.dll
0x0000000073470000 - 0x0000000073496000 	C:\Program Files\Bonjour\mdnsNSP.dll
0x00007ff98d440000 - 0x00007ff98d44a000 	C:\windows\SYSTEM32\rasadhlp.dll
0x00007ff98e440000 - 0x00007ff98e4aa000 	C:\windows\System32\fwpuclnt.dll
0x00007ff9983b0000 - 0x00007ff9983db000 	C:\windows\SYSTEM32\bcrypt.dll
0x00007ff9982a0000 - 0x00007ff9982b7000 	C:\windows\SYSTEM32\CRYPTSP.dll
0x00007ff997d00000 - 0x00007ff997d33000 	C:\windows\system32\rsaenh.dll
0x00007ff997f80000 - 0x00007ff997f9f000 	C:\windows\SYSTEM32\USERENV.dll
0x00007ff9982c0000 - 0x00007ff9982cb000 	C:\windows\SYSTEM32\CRYPTBASE.dll
0x00007ff993c40000 - 0x00007ff993c56000 	C:\windows\SYSTEM32\dhcpcsvc6.DLL
0x00007ff994150000 - 0x00007ff99416a000 	C:\windows\SYSTEM32\dhcpcsvc.DLL
0x00007ff989230000 - 0x00007ff989241000 	C:\Program Files\Java\jdk1.8.0_201\jre\bin\nio.dll
0x00007ff981830000 - 0x00007ff98183d000 	C:\Program Files\Java\jdk1.8.0_201\jre\bin\management.dll
0x00007ff98dc30000 - 0x00007ff98dc39000 	C:\Program Files\Java\jdk1.8.0_201\jre\bin\w2k_lsa_auth.dll
0x00007ff995660000 - 0x00007ff99566c000 	C:\windows\SYSTEM32\Secur32.dll
0x00007ff9984d0000 - 0x00007ff9984fc000 	C:\windows\SYSTEM32\SSPICLI.DLL
0x00007ff98c140000 - 0x00007ff98c148000 	C:\Program Files\Java\jdk1.8.0_201\jre\bin\jaas_nt.dll

VM Arguments:
jvm_args: -Xmx1g 
java_command: org.apache.spark.deploy.SparkSubmit --conf spark.master=local[*] --conf spark.app.name=NaiveBayesTest pyspark-shell
java_class_path (initial): H:\spark\spark-2.3.0-bin-hadoop2.6\spark-2.3.0-bin-hadoop2.6\bin\..\conf\;H:\spark\spark-2.3.0-bin-hadoop2.6\spark-2.3.0-bin-hadoop2.6\jars\activation-1.1.1.jar;H:\spark\spark-2.3.0-bin-hadoop2.6\spark-2.3.0-bin-hadoop2.6\jars\aircompressor-0.8.jar;H:\spark\spark-2.3.0-bin-hadoop2.6\spark-2.3.0-bin-hadoop2.6\jars\antlr-2.7.7.jar;H:\spark\spark-2.3.0-bin-hadoop2.6\spark-2.3.0-bin-hadoop2.6\jars\antlr-runtime-3.4.jar;H:\spark\spark-2.3.0-bin-hadoop2.6\spark-2.3.0-bin-hadoop2.6\jars\antlr4-runtime-4.7.jar;H:\spark\spark-2.3.0-bin-hadoop2.6\spark-2.3.0-bin-hadoop2.6\jars\aopalliance-1.0.jar;H:\spark\spark-2.3.0-bin-hadoop2.6\spark-2.3.0-bin-hadoop2.6\jars\aopalliance-repackaged-2.4.0-b34.jar;H:\spark\spark-2.3.0-bin-hadoop2.6\spark-2.3.0-bin-hadoop2.6\jars\apache-log4j-extras-1.2.17.jar;H:\spark\spark-2.3.0-bin-hadoop2.6\spark-2.3.0-bin-hadoop2.6\jars\apacheds-i18n-2.0.0-M15.jar;H:\spark\spark-2.3.0-bin-hadoop2.6\spark-2.3.0-bin-hadoop2.6\jars\apacheds-kerberos-codec-2.0.0-M15.jar;H:\spark\spark-2.3.0-bin-hadoop2.6\spark-2.3.0-bin-hadoop2.6\jars\api-asn1-api-1.0.0-M20.jar;H:\spark\spark-2.3.0-bin-hadoop2.6\spark-2.3.0-bin-hadoop2.6\jars\api-util-1.0.0-M20.jar;H:\spark\spark-2.3.0-bin-hadoop2.6\spark-2.3.0-bin-hadoop2.6\jars\arpack_combined_all-0.1.jar;H:\spark\spark-2.3.0-bin-hadoop2.6\spark-2.3.0-bin-hadoop2.6\jars\arrow-format-0.8.0.jar;H:\spark\spark-2.3.0-bin-hadoop2.6\spark-2.3.0-bin-hadoop2.6\jars\arrow-memory-0.8.0.jar;H:\spark\spark-2.3.0-bin-hadoop2.6\spark-2.3.0-bin-hadoop2.6\jars\arrow-vector-0.8.0.jar;H:\spark\spark-2.3.0-bin-hadoop2.6\spark-2.3.0-bin-hadoop2.6\jars\automaton-1.11-8.jar;H:\spark\spark-2.3.0-bin-hadoop2.6\spark-2.3.0-bin-hadoop2.6\jars\avro-1.7.7.jar;H:\spark\spark-2.3.0-bin-hadoop2.6\spark-2.3.0-bin-hadoop2.6\jars\avro-ipc-1.7.7.jar;H:\spark\spark-2.3.0-bin-hadoop2.6\spark-2.3.0-bin-hadoop2.6\jars\avro-mapred-1.7.7-hadoop2.jar;H:\spark\spark-2.3.0-bin-hadoop2.6\spark-2.3.0-bin-hadoop2.6\jars\base64-2.3.8.jar;H:\s
Launcher Type: SUN_STANDARD

Environment Variables:
JAVA_HOME=C:\Program Files\Java\jdk1.8.0_201
CLASSPATH=.;C:\Program Files\Java\jdk1.8.0_201\lib;C:\Program Files\Java\jdk1.8.0_201\lib\tools.jar;H:\hanlp(1)\hanlp\hanlp.properties
PATH=C:\Program Files\Java\jdk1.8.0_121\bin;C:\Program Files\Java\jdk1.8.0_121\jre\bin;F:\XAMPP\php;C:\Program Files\MySQL\MySQL Server 8.0\bin;C:\WINDOWS\system32;C:\Program Files (x86)\Microsoft Visual Studio 14.0\VC\bin;C:\Program Files (x86)\Microsoft Visual Studio 14.0\Common7\Tools;C:\Program Files (x86)\Microsoft Visual Studio\2017\Community\MSBuild\15.0\Bin;H:\PycharmProjects\Pickle\venv\Scripts;C:\Program Files (x86)\Graphviz2.38\bin;C:\Program Files\Docker\Docker\resources\bin;I:\ChromeDownload\pscp.exe;C:\Program Files (x86)\NVIDIA Corporation\PhysX\Common;C:\Program Files\dotnet\;C:\Program Files\NVIDIA Corporation\NVIDIA NvDLISR;C:\ProgramData\chocolatey\bin;C:\Windows\System32\WindowsPowerShell\v1.0;H:\miniConda\Scripts;C:\Program Files\Microsoft VS Code\bin;C:\Users\Administrator\AppData\Local\Programs\Python\Python36\Scripts;C:\Users\Administrator\.PyCharmCE2017.3\system\python_stubs\457808776\win32comext\shell;C:\Program Files (x86)\Graphviz2.38\bin;C:\Program Files\Bandizip\;C:\Users\Administrator\AppData\Roaming\Composer\vendor\bin;C:\Users\Administrator\AppData\Roaming\npm;C:\Program Files\heroku\bin;C:\Program Files\MySQL\MySQL Server 8.0\bin;C:\Program Files\Docker\Docker;F:\Microsoft VS Code\bin;C:\Users\Administrator\.dotnet\tools;I:\MikTex\miktex\bin\x64\;D:\fiddle\Fiddler;H:\IntelliJ IDEA 2018.3.4\bin;;H:\PycharmProjects\Pickle\venv\lib\site-packages\pywin32_system32;H:\PycharmProjects\Pickle\venv\lib\site-packages\numpy\.libs;H:\PycharmProjects\Pickle\venv\lib\site-packages\scipy\extra-dll
USERNAME=Administrator
OS=Windows_NT
PROCESSOR_IDENTIFIER=Intel64 Family 6 Model 94 Stepping 3, GenuineIntel



---------------  S Y S T E M  ---------------

OS: Windows 10.0 , 64 bit Build 14393 (10.0.14393.2214)

CPU:total 8 (initial active 8) (4 cores per cpu, 2 threads per core) family 6 model 94 stepping 3, cmov, cx8, fxsr, mmx, sse, sse2, sse3, ssse3, sse4.1, sse4.2, popcnt, avx, avx2, aes, clmul, erms, rtm, 3dnowpref, lzcnt, ht, tsc, tscinvbit, bmi1, bmi2, adx

Memory: 4k page, physical 16683536k(6552192k free), swap 32312588k(5716k free)

vm_info: Java HotSpot(TM) 64-Bit Server VM (25.201-b09) for windows-amd64 JRE (1.8.0_201-b09), built on Dec 15 2018 18:36:39 by "java_re" with MS VC++ 10.0 (VS2010)

time: Mon Mar 04 18:59:22 2019
timezone: 中国标准时间
elapsed time: 3 seconds (0d 0h 0m 3s)

